<?xml version="1.0" encoding="UTF-8"?>
<!-- Generated by org.testng.reporters.JUnitReportReporter -->
<testsuite skipped="0" hostname="homepc" name="week5.day2.CreateLeadDataPro" tests="1" failures="0" timestamp="22 Jul 2018 05:43:47 GMT" time="19.392" errors="0">
  <testcase name="createLead" time="19.392" classname="week5.day2.CreateLeadDataPro"/>
</testsuite> <!-- week5.day2.CreateLeadDataPro -->
