<?xml version="1.0" encoding="UTF-8"?>
<!-- Generated by org.testng.reporters.JUnitReportReporter -->
<testsuite skipped="0" hostname="homepc" name="week6.day1.CreateLeadDataPro" tests="3" failures="0" timestamp="28 Jul 2018 05:19:16 GMT" time="87.444" errors="0">
  <testcase name="createLead" time="28.652" classname="week6.day1.CreateLeadDataPro"/>
  <testcase name="createLead" time="31.062" classname="week6.day1.CreateLeadDataPro"/>
  <testcase name="createLead" time="27.730" classname="week6.day1.CreateLeadDataPro"/>
</testsuite> <!-- week6.day1.CreateLeadDataPro -->
