<?xml version="1.0" encoding="UTF-8"?>
<!-- Generated by org.testng.reporters.JUnitReportReporter -->
<testsuite skipped="0" hostname="homepc" name="week6.day2.TC002_CreateLeadNeg" tests="3" failures="0" timestamp="29 Jul 2018 06:57:12 GMT" time="79.947" errors="0">
  <testcase name="createLead" time="27.035" classname="week6.day2.TC002_CreateLeadNeg"/>
  <testcase name="createLead" time="25.229" classname="week6.day2.TC002_CreateLeadNeg"/>
  <testcase name="createLead" time="27.683" classname="week6.day2.TC002_CreateLeadNeg"/>
</testsuite> <!-- week6.day2.TC002_CreateLeadNeg -->
