<?xml version="1.0" encoding="UTF-8"?>
<!-- Generated by org.testng.reporters.JUnitReportReporter -->
<testsuite skipped="0" hostname="homepc" name="week6.day1.ReadExcel" tests="1" failures="0" timestamp="28 Jul 2018 04:06:04 GMT" time="1.088" errors="0">
  <testcase name="readExcel" time="1.088" classname="week6.day1.ReadExcel"/>
</testsuite> <!-- week6.day1.ReadExcel -->
