<?xml version="1.0" encoding="UTF-8"?>
<!-- Generated by org.testng.reporters.JUnitReportReporter -->
<testsuite skipped="0" hostname="homepc" name="week3.day2.CreateLead" tests="3" failures="0" timestamp="28 Jul 2018 07:44:49 GMT" time="62.637" errors="0">
  <testcase name="createLead" time="20.730" classname="week3.day2.CreateLead"/>
  <testcase name="createLead" time="20.103" classname="week3.day2.CreateLead"/>
  <testcase name="createLead" time="21.804" classname="week3.day2.CreateLead"/>
</testsuite> <!-- week3.day2.CreateLead -->
