<?xml version="1.0" encoding="UTF-8"?>
<!-- Generated by org.testng.reporters.JUnitReportReporter -->
<testsuite skipped="0" hostname="homepc" name="week3.day2.MergeLead" tests="1" failures="0" timestamp="21 Jul 2018 07:42:49 GMT" time="50.337" errors="0">
  <testcase name="MergeLead" time="50.337" classname="week3.day2.MergeLead"/>
</testsuite> <!-- week3.day2.MergeLead -->
