<?xml version="1.0" encoding="UTF-8"?>
<!-- Generated by org.testng.reporters.JUnitReportReporter -->
<testsuite skipped="0" hostname="homepc" name="salesforce.VerifyCampaign" tests="1" failures="0" timestamp="11 Aug 2018 12:06:07 GMT" time="0.000" errors="1">
  <testcase name="verifyCampaign" time="0.000" classname="salesforce.VerifyCampaign">
    <error type="org.testng.TestNGException" message="
Some DataProvider public java.lang.Object[][] salesforce.VerifyCampaign.getData(java.lang.String) throws java.io.IOException parameters unresolved:  at 0 type class java.lang.String
">
      <![CDATA[org.testng.TestNGException: 
Some DataProvider public java.lang.Object[][] salesforce.VerifyCampaign.getData(java.lang.String) throws java.io.IOException parameters unresolved:  at 0 type class java.lang.String

at org.testng.internal.MethodInvocationHelper.getParameters(MethodInvocationHelper.java:197)
at org.testng.internal.MethodInvocationHelper.invokeDataProvider(MethodInvocationHelper.java:130)
at org.testng.internal.Parameters.handleParameters(Parameters.java:706)
at org.testng.internal.ParameterHandler.handleParameters(ParameterHandler.java:49)
at org.testng.internal.ParameterHandler.createParameters(ParameterHandler.java:37)
at org.testng.internal.Invoker.invokeTestMethods(Invoker.java:923)
at org.testng.internal.TestMethodWorker.invokeTestMethods(TestMethodWorker.java:125)
at org.testng.internal.TestMethodWorker.run(TestMethodWorker.java:109)
at java.util.concurrent.ThreadPoolExecutor.runWorker(ThreadPoolExecutor.java:1142)
at java.util.concurrent.ThreadPoolExecutor$Worker.run(ThreadPoolExecutor.java:617)
at java.lang.Thread.run(Thread.java:744)
]]>
    </error>
  </testcase> <!-- verifyCampaign -->
</testsuite> <!-- salesforce.VerifyCampaign -->
